Vivado Simulator 2018.2
Copyright 1986-1999, 2001-2018 Xilinx, Inc. All Rights Reserved.
Running: C:/Xilinx/Vivado/2018.2/bin/unwrapped/win64.o/xelab.exe -wto 2b32467d1da343e38cc3e9729ccc8170 --incr --debug typical --relax --mt 2 --maxdelay -L xil_defaultlib -L simprims_ver -L secureip --snapshot blinky_time_synth -transport_int_delays -pulse_r 0 -pulse_int_r 0 -pulse_e 0 -pulse_int_e 0 xil_defaultlib.blinky xil_defaultlib.glbl -log elaborate.log 
Using 2 slave threads.
Starting static elaboration
Completed static elaboration
Starting simulation data flow analysis
Completed simulation data flow analysis
INFO: [XSIM 43-3451] SDF backannotation process started with SDF file "blinky_time_synth.sdf", for root module "blinky".
INFO: [XSIM 43-3452] SDF backannotation was successful for SDF file "blinky_time_synth.sdf", for root module "blinky".
Time Resolution for simulation is 1ps
Compiling module simprims_ver.BUFG
Compiling module simprims_ver.IBUF
Compiling module simprims_ver.x_lut1_mux2
Compiling module simprims_ver.LUT1
Compiling module simprims_ver.FDRE_default
Compiling module simprims_ver.CARRY4
Compiling module simprims_ver.OBUF
Compiling module xil_defaultlib.blinky
Compiling module xil_defaultlib.glbl
Built simulation snapshot blinky_time_synth
